[    0.000000] Initializing cgroup subsys cpuset
[    0.000000] Initializing cgroup subsys cpu
[    0.000000] Initializing cgoup subsys cpuacct
[    0.000000] Linux version 4.4.0-150-generic (buildd@lgw01-amd64-036) (gcc version 5.4.0 20160609 (Ubuntu 5.4.0-6ubuntu1~16.04.10) ) #176-Ubuntu SMP Wed May 29 18:56:26 UTC 2019 (Ubuntu 4.4.0-150.176-generic 4.4.179)
[    0.000000] Command line: BOOT_IMA=/boot/vmlinuz-4.4.0-150-generic root=LABEL=cloudimg-rootfs ro console=tty1 console=ttyS0
[    0.000000] KERNEL supported cpus:
[    0.000000]   Intel GenuineIntel
[    0.000000]   AMD AuthenticAMD
[    0.000000]   Centaur CentaurHauls
[    0.000000] x86/fpu: xstate_offset[2]:  576, xstate_sizes[2]:  256
[    0.000000] x86/fpu: Supporting XSAVE feature 0x01: 'x87 floating point registers'
[    0.000000] x86/fpu: Supporting XSAVE feature 0x02: 'SSE registers'
[    0.000000] x86/fpu: Supporting XSAVE feature 0x04: 'AVX registers'
[    0.000000] x86/fpu: Enabled xstate features 0x7, context size is 832 bytes, using 'standard' format.
[    0.000000] e820: BIOS-provided physical RAM map:
[    0.000000] BIOS-e820: [mem 0x0000000000000000-0x000000000009fbff] usable
[    0.000000] BIOS-e820: [mem 0x000000000009fc00-0x000000000009ffff] reserved
[    0.000000] BIOS-e820: [mem 0x00000000000f0000-0x00000000000fffff] reserved
[    0.000000] BIOS-e820: [mem 0x0000000000100000-0x000000003ffeffff] usable
[    0.000000] BIOS-e820: [mem 0x000000003fff0000-0x000000003fffffff] ACPI data
[    0.000000] BIOS-e820: [mem 0x00000000fec00000-0x00000000fec00fff] reserved
[    0.000000] BIOS-e820: [mem 0x00000000fee00000-0x00000000fee00fff] reserved
[    0.000000] BIOS-e820: [mem 0x00000000fffc0000-0x00000000ffffffff] reserved
[    0.000000] NX (Execute Disable) protection: active
[    0.000000] SMBIOS 2.5 present.
[    0.000000] Hypervisor detected: KVM
[    0.000000] e820: last_pfn = 0x3fff0 max_arch_pfn = 0x400000000
[    0.000000] MTRR: Disabled
[    0.000000] x86/PAT: MTRRs disabled, skipping PAT initialization too.
[    0.000000] CPU MTRRs all blank - virtualized system.
[    0.000000] x86/PAT: Configuration [0-7]: WB  WT  UC- UC  WB  WT  UC- UC  
[    0.000000] found SMP MP-table at [mem 0x0009fff0-0x0009ffff] mapped at [ffff88000009fff0]
[    0.000000] Scanning 1 areas for low memory corruption
[    0.000000] RAMDISK: [mem 0x362fc000-0x37175fff]
[    0.000000] ACPI: Early table checksum verification disabled
[    0.000000] ACPI: RSDP 0x00000000000E00 000024 (v02 VBOX  )
[    0.000000] ACPI: XSDT 0x000000003FFF0030 00003C (v01 VBOX   VBOXXSDT 00000001 ASL  00000061)
[    0.000000] ACPI: FACP 0x000000003FFF00F0 0000F4 (v04 VBOX   VBOXFACP 00000001 ASL  00000061)
[    0.000000] ACPI: DSDT 0x000000003FFF0470 0021FF (v02 VBOX   VBOXBIOS 00000002 INTL 20180105)
[    0.000000] ACPI: FACS 0x000000003FFF0200 000040
[    0.000000] ACPI: FACS 0x000000003FFF0200 000040
[    0.000000] ACPI: APIC 0x000000003FFF0240 00005C (v02 VBOX   VBOXAPIC 00000001 ASL  00000061)
[    0.000000] ACPI: SSDT 0x000000003FFF02A0 0001CC (v01 VBOX   VBOXCPUT 00000002 INTL 20180105)
[    0.000000] No NUMA configuration found
[    0.000000] Faking a node at [mem 0x0000000000000000-0x000000003ffeffff]
[    0.000000] NODE_DATA(0) allocated [mem 0x3ffeb000-0x3ffeffff]
[    0.000000] kvm-clock: Using msrs 4b564d01 and 4b564d00
[    0.000000] kvm-clock: cpu 0, msr 0:3ffe3001, primary cpu clock
[    0.000000] kvm-clock: using sched offset of 3344675091 cycles
[    0.000000] clocksource: kvm-clock: mask: 0xffffffffffffffff max_cycles: 0x1cd42e4dffb, max_idle_ns: 881590591483 ns
[    0.000000] Zone ranges:
[    0.000000]   DMA      [mem 0x0000000000001000-0x0000000000ffffff]
[    0.000000]   DMA32    [mem 0x0000000001000000-0x000000003ffeffff]
[    0.000000]   Normal   empty
[    0.000000]   Device   empty
[    0.000000] Movable zone start for each node
[    0.000000] Early memory node ranges
[    0.000000]   node   0: [mem 0x0000000000001000-0x000000000009efff]
[    0.000000]   node   0: [mem 0x0000000000100000-0x000000003ffeffff]
[    0.000000] Initmem setup node 0 [mem 0x0000000000001000-0x000000003ffeffff]
[    0.000000] ACPI: PM-Timer IO Port: 0x4008
[    0.000000] IOAPIC[0]: apic_id 2, version 32, address 0xfec00000, GSI 0-23
[    0.000000] ACPI: INT_SRC_OVR (bus 0 bus_irq 0 global_irq 2 dfl dfl)
[    0.000000] ACPI: INT_SRC_OVR (bus 0 bus_irq 9 global_irq 9 low level)
[    0.000000] Using ACPI (MADT) for SMP configuration information
[    0.000000] smpboot: Allowing 2 CPUs, 0 hotplug CPUs
[    0.000000] PM: Registered nosave memory: [mem 0x00000000-0x00000fff]
[    0.000000] PM: Registered nosave memory: [mem 0x0009f000-0x0009ffff]
[    0.000000] PM: Registered nosave memory: [mem 0x000a0000-0x000effff]
[    0.000000] PM: Registered nosave memory: [mem 0x000f0000-0x000fffff]
[    0.000000] e820: [mem 0x40000000-0xfebfffff] available for PCI devices
[    0.000000] Booting paravirtualized kernel on KVM
[    0.000000] clocksource: refined-jiffies: mask: 0xffffffff max_cycles: 0xffffffff, max_idle_ns: 7645519600211568 ns
[    0.000000] setup_percpu: NR_CPUS:512 nr_cpumask_bits:512 nr_cpu_ids:2 nr_node_ids:1
[    0.000000] PERCPU: Embedded 34 pages/cpu @ffff88003fc00000 s99480 r8192 d31592 u1048576
[    0.000000] Built 1 zonelists in Node order, mobility grouping on.  Total pages: 257912
[    0.000000] Policy zone: DMA32
[    0.000000] Kernel command line: BOOT_IMAGE=/boot/vmlinuz-4.4.0-150-generic root=LABEL=cloudimg-rootfs ro console=tty1 console=ttyS0
[    0.000000] PID hash table entries: 4096 (order: 3, 32768 bytes)
[    0.000000] Memory: 997736K/1048120K available (8613K kernel code, 1335K rwdata, 4028K rodata, 1484K init, 1284K bss, 50384K reserved, 0K cma-reserved)
[    0.000000] SLUB: HWalign=64, Order=0-3, MinObjects=0, CPUs=2, Nodes=1
[    0.000000] Kernel/User page tables isolation: enabled
[    0.000000] Hierarchical RCU implementation.
[    0.000000] 	Build-time adjustment of leaf fanout to 64.
[    0.000000] 	RCU restricting CPUs from NR_CPUS=512 to nr_cpu_ids=2.
[    0.000000] RCU: Adjusting geometry for rcu_fanout_leaf=64, nr_cpu_ids=2
[    0.000000] NR_IRQS:33024 nr_irqs:440 16
[    0.000000] Console: colour VGA+ 80x25
[    0.000000] console [tty1] enabled
[    0.000000] console [ttyS0] enabled
[    0.000000] tsc: Detected 2194.914 MHz processor
[    0.421830] Calibrating delay loop (skipped) preset value.. 4389.82 BogoMIPS (lpj=8779656)
[    0.424040] pid_max: default: 32768 minimum: 301
[    0.425253] ACPI: Core revision 20150930
[    0.427128] ACPI: 2 ACPI AML tables successfullyacquired and loaded
[    0.442259] Security Framework initialized
[    0.443172] Yama: becoming mindful.
[    0.443992] AppArmor: AppArmor initialized
[    0.464044] Dentry cache hash table entries: 131072 (order: 8, 1048576 bytes)
[    0.466281] Inode-cache hash table entries: 65536 (order: 7, 524288 bytes)
[    0.467687] Mount-cache hash table entries: 2048 (order: 2, 16384 bytes)
[    0.469024] Mountpoint-cache hash table entries: 2048 (order: 2, 16384 bytes)
[    0.470570] Initializing cgroup subsys io
[    0.471458] Initializing cgroup subsys memory
[    0.472407] Initializing cgroup subsys devices
[    0.473365] Initializing cgroup subsys freezer
[    0.474317] Initializing cgroup subsys net_cls
[    0.475259] Initializing cgroup subsys perf_event
[    0.476244] Initializing cgroup subsys net_prio
[    0.477464] Initializing cgroup subsys hugetlb
[    0.483993] Initializing cgroup subsys pids
[    0.486200] mce: CPU supports 0 MCE banks
[    0.487315] Last level iTLB entries: 4KB 64, 2MB 8, 4MB 8
[    0.488675] Last level dTLB entries: 4KB 64, 2MB 0, 4MB 0, 1GB 4
[    0.490141] Spectre V2 : Mitigation: Full generic retpoline
[    0.491526] Spectre V2 : Spectre v2 / SpectreRSB mitigation: Filling RSB on context switch
[    0.493673] Speculative Store Bypass: Vulnerable
[    0.495315] MDS: Mitigation: Clear CPU buffers
[    0.498931] Freeing SMP alternatives memory: 36K
[    0.505689] ftrace: allocating 32298 entries in 127 pages
[    0.561858] smpboot: APIC(0) Converting physical 0 to logical package 0
[    0.563557] smpboot: Max logical packages: 1
[    0.564985] x2apic enabled
[    0.566050] Switched APIC routing to physical x2apic.
[    0.568537] ..TIMER: vector=0x30 apic1=0 pin1=2 apic2=-1 pin2=-1
[    0.676703] smpboot: CPU0: Intel(R) Core(TM) i5-5200U CPU @ 2.20GHz (family: 0x6, model: 0x3d, stepping: 0x4)
[    0.683790] Performance Events: unsupported p6 CPU model 61 no PMU driver, software events only.
[    0.699129] KVM setup paravirtual spinlock
[    0.703310] x86: Booting SMP configuration:
[    0.704648] .... node  #0, CPUs:      #1
[    0.707007] kvm-clock: cpu 1, msr 0:3ffe3041, secondary cpu clock
[    0.721879] mce: CPU supports 0 MCE banks
[    0.725090] x86: Booted up 1 node, 2 CPUs
[    0.726715] smpboot: Total of 2 processors activated (8779.65 BogoMIPS)
[    0.734691] devtmpfs: initialized
[    0.739633] evm: security.selinux
[    0.740815] evm: security.SMACK64
[    0.743024] evm: security.SMACK64EXEC
[    0.744202] evm: security.SMACK64TRANSMUTE
[    0.750940] evm: security.SMACK64MMAP
[    0.752139] evm: security.ima
[    0.753184] evm: security.capability
[    0.754639] clocksource: jiffies: mask: 0xffffffff max_cycles: 0xffffffff, max_idle_ns: 7645041785100000 ns
[    0.757438] futex hash table entries: 512 (order: 3, 32768 bytes)
[    0.759303] pinctrl core: initialized pinctrl subsystem
[    0.761110] RTC time: 10:41:52, date: 06/19/19
[    0.768011] NET: Registered protocol family 16
[    0.780787] cpuidle: using governor ladder
[    0.792818] cpuidle: using governor menu
[    0.800530] PCCT header not found.
[    0.801780] ACPI: bus type PCI registered
[    0.805655] acpiphp: ACPI Hot Plug PCI Controller Driver version: 0.5
[    0.807593] PCI: Using configuration type 1 for base access
[    0.821972] ACPI: Added _OSI(Module Device)
[    0.823355] ACPI: Added _OSI(Processor Device)
[    0.824701] ACPI: Added _OSI(3.0 _SCP Extensions)
[    0.826114] ACPI: Added _OSI(Processor Aggregator Device)
[    0.828899] ACPI: Executed 1 blocks of module-level executable AML code
[    0.834071] ACPI: Interpreter enabled
[    0.835088] ACPI: (supports S0 S5)
[    0.835993] ACPI: Using IOAPIC for interrupt routing
[    0.837382] PCI: Using host bridge windows from ACPI; if necessary, use "pci=nocrs" and report a bug
[    0.843444] ACPI: PCI Root Bridge [PCI0] (domain 0000 [bus 00-ff])
[    0.850386] acpi PNP0A03:00: _OSC: OS supports [ASPM ClockPM Segments MSI]
[    0.852486] acpi PNP0A03:00: _OSC: not requesting OS control; OS requires [ExtendedConfig ASPM ClockPM MSI]
[    0.856013] acpi PNP0A03:00: fail to add MMCONFIG information, can't access extended PCI configuration space under this bridge.
[    0.869814] PCI host bridge to bus 0000:00
[    0.870927] pci_bus 0000:00: root bus resource [io  0x0000-0x0cf7 window]
[    0.872454] pci_bus 0000:00: root bus resource [io  0x0d00-0xffff window]
[    0.877268] pci_bus 0000:00: root bus resource [mem 0x000a0000-0x000bffff window]
[    0.884521] pci_bus 0000:00: root bus resource [mem 0x40000000-0xfdffffff window]
[    0.886590] pci_bus 0000:00: root bus resource [bus 00-ff]
[    0.889774] pci 0000:00:01.1: legacy IDE quirk: reg 0x10: [io  0x01f0-0x01f7]
[    0.891493] pci 0000:00:01.1: legacy IDE quirk: reg 0x14: [io  0x03f6]
[    0.893068] pci 0000:00:01.1: legacy IDE quirk: reg 0x18: [io  0x0170-0x0177]
[    0.894848] pci 0000:00:01.1: legacy IDE quirk: reg 0x1c: [io  0x0376]
[    0.923395] pci 0000:00:07.0: quirk: [io  0x4000-0x403f] claimed by PIIX4 ACPI
[    0.936270] pci 0000:00:07.0: quirk: [io  0x4100-0x410f] claimed by PIIX4 SMB
[    0.951072] ACPI: PCI Interrupt Link [LNKA] (IRQs 5 9 10 *11)
[    0.953227] ACPI: PCI Interrupt Link [LNKB] (IRQs 5 9 *10 11)
[    0.955213] ACPI: PCI Interrupt Link [LNKC] (IRQs 5 *9 10 11)
[    0.957151] ACPI: PCI Interrupt Link [LNKD] (IRQs 5 9 10 *11)
[    0.959159] ACPI: Enabled 2 GPEs in block 00 to 07
[    0.960839] vgaarb: setting as boot device: PCI:0000:00:02.0
[    0.967664] vgaarb: device added: PCI:0000:00:02.0,decodes=io+mem,owns=io+mem,locks=none
[    0.969759] vgaarb: loaded
[    0.970556] vgaarb: bridge control possible 0000:00:02.0
[    0.972124] SCSI subsystem initialized
[    0.973247] ACPI: bus type USB registered
[    0.974313] usbcore: registered new interface driver usbfs
[    0.975617] usbcore: registered new interface driver hub
[    0.978323] usbcore: registered new device driver usb
[    0.985188] PCI: Using ACPI for IRQ routing
[    0.986656] NetLabel: Initializing
[    0.987644] NetLabel:  domain hash size = 128
[    0.988949] NetLabel:  protocols = UNLABELED CIPSOv4
[    0.991309] NetLabel:  unlabeled traffic allowed by default
[    0.994708] amd_nb: Cannot enumerate AMD northbridges
[    1.001524] clocksource: Switched to clocksource kvm-clock
[    1.010385] AppArmor: AppArmor Filesystem Enabled
[    1.024330] pnp: PnP ACPI init
[    1.026596] pnp: PnP ACPI: found 3 devices
[    1.038987] clocksource: acpi_pm: mask: 0xffffff max_cycles: 0xffffff, max_idle_ns: 2085701024 ns
[    1.041723] NET: Registered protocol family 2
[    1.043363] TCP established hash table entries: 8192 (order: 4, 65536 bytes)
[    1.050947] TCP bind hash table entries: 8192 (order: 5, 131072 bytes)
[    1.055007] TCP: Hash tables configured (established 8192 bind 8192)
[    1.056866] UDP hash table entries: 512 (order: 2, 16384 bytes)
[    1.058471] UDP-Lite hash table entries: 512 (order: 2, 16384 bytes)
[    1.060082] NET: Registered protocol family 1
[   1.061417] pci 0000:00:00.0: Limiting direct PCI/PCI transfers
[    1.087964] pci 0000:00:01.0: Activating ISA DMA hang workarounds
[    1.089638] Unpacking initramfs...

[    1.367037] Freeing initrd memory: 14824K
[    1.368315] RAPL PMU detected, API unit is 2^-32 Joules, 4 fixed counters 10737418240 ms ovfl timer
[    1.370526] hw unit of domain pp0-core 2^-0 Joules
[    1.371727] hw unit of domain package 2^-0 Joules
[    1.373147] hw unit of domain dram 2^-0 Joules
[    1.374566] hw unit of domain pp1-gpu 2^-0 Joules
[    1.376016] clocksource: tsc: mask: 0xffffffffffffffff max_cycles: 0x1fa36e579bf, max_idle_ns: 440795269840 ns
[    1.379260] platform rtc_cmos: registered platform RTC device (no PNP device found)
[    1.381701] Scanning for low memory corruption every 60 seconds
[    1.383952] audit: initializing netlink subsys (disabled)
[    1.385545] audit: type=2000 audit(1560940916.712:1): initialized
[    1.387691] Initialise system trusted keyring
[    1.442205] HugeTLB registered 2 MB page size, pre-allocated 0 pages
[    1.445242] zbud: loaded
[    1.446452] VFS: Disk quotas dquot_6.6.0
[    1.447608] VFS: Dquot-cache hash table entries: 512 (order 0, 4096 bytes)
[    1.449539] squashfs: version 4.0 (2009/01/31) Phillip Lougher
[    1.451370] fuse init (API version 7.23)
[    1.452842] Key type big_key registered
[    1.454104] Allocating IMA MOK and blacklist keyrings.
[    1.456826] Key type asymmetric registered
[    1.468184] Asymmetric key parser 'x509' registered
[    1.469448] Block layer SCSI generic (bsg) driver version 0.4 loaded (major 249)
[    1.471446] io scheduler noop registered
[    1.472465] io scheduler deadline registered (default)
[    1.473737] io scheduler cfq registered
[    1.474896] pci_hotplug: PCI Hot Plug PCI Core version: 0.5
[    1.476217] pciehp: PCI Express Hot Plug Controller Driver version: 0.4
[    1.478042] ACPI: AC Adapter [AC] (on-line)
[    1.484451] input: Power Button as /devices/LNXSYSTM:00/LNXPWRBN:00/input/input0
[    1.486529] ACPI: Power Button [PWRF]
[    1.487632] input: Sleep Button as /devices/LNXSYSTM:00/LNXSLPBN:00/input/input1
[    1.489598] ACPI: Sleep Button [SLPF]
[    1.490941] GHES: HEST is not enabled!
[    1.492588] ACPI: Battery Slot [BAT0] (battery present)
[    1.493710] Serial: 8250/16550 driver, 32 ports, IRQ sharing enabled
[    1.526697] 00:02: ttyS0 at I/O 0x3f8 (irq = 4, base_baud = 115200) is a 16550A
[    1.537044] Linux agpgart interface v0.103
[    1.539862] loop: module loaded
[    1.541448] scsi host0: ata_piix
[    1.542584] scsi host1: ata_piix
[    1.543596] ata1: PATA max UDMA/33 cmd 0x1f0 ctl 0x3f6 bmdma 0xd000 irq 14
[    1.564331] ata2: PATA max UDMA/33 cmd 0x170 ctl 0x376 bmdma 0xd008 irq 15
[    1.566631] libphy: Fixed MDIO Bus: probed
[    1.567748] tun: Universal TUN/TAP device driver, 1.6
[    1.569056] tun: (C) 1999-2004 Max Krasnyansky <maxk@qualcomm.com>
[    1.570663] PPP generic driver version 2.4.2
[    1.571888] ehci_hcd: USB 2.0 'Enhanced' Host Controller (EHCI) Driver
[    1.573477] ehci-pci: EHCI PCI platform driver
[    1.574692] ehci-platform: EHCI generic platform driver
[    1.584076] ohci_hcd: USB 1.1 'Open' Host Controller (OHCI) Driver
[    1.585648] ohci-pci: OHCI PCI platform driver
[    1.586943] ohci-platform: OHCI generic platform driver
[    1.588281] uhci_hcd: USB Universal Host Controller Interface driver
[    1.589903] i8042: PNP: PS/2 Controller [PNP0303:PS2K,PNP0f03:PS2M] at 0x60,0x64 irq 1,12
[    1.604897] serio: i8042 KBD port at 0x60,0x64 irq 1
[    1.606448] serio: i8042 AUX port at 0x60,0x64 irq 12
[    1.607786] mousedev: PS/2 mouse device common for all mice
[    1.635056] input: AT Translated Set 2 keyboard as /devices/platform/i8042/serio0/input/input2
[    1.637969] rtc_cmos rtc_cmos: rtc core: registered rtc_cmos as rtc0
[    1.639869] rtc_cmos rtc_cmos: alarms up to one day, 114 bytes nvram
[    1.641637] i2c /dev entries driver
[    1.654708] device-mapper: uevent: version 1.0.3
[    1.656312] device-mapper: ioctl: 4.34.0-ioctl (2015-10-28) initialised: dm-devel@redhat.com
[    1.694201] ledtrig-cpu: registered to indicate activity on CPUs
[    1.705268] NET: Registered protocol family 10
[    1.706750] NET: Registered protocol family 17
[    1.707944] Key type dns_resolver registered
[    1.724780] registered taskstats version 1
[    1.764404] Loading compiled-in X.509 certificates
[    1.766334] Loaded X.509 cert 'Build time autogenerated kernel key: a7915d3ef14e82ec7978a6e44664328aa121e7a5'
[    1.768738] zswap: loaded using pool lzo/zbud
[    1.771999] Key type trusted registered
[    1.777110] Key type encrypted registered
[    1.814019] AppArmor: AppArmor sha1 policy hashing enabled
[    1.815170] ima: No TPM chip found, activating TPM-bypass!
[    1.816283] ima: Allocated hash algorithm: sha1
[    1.817256] evm: HMAC attrs: 0x1
[    1.818483]   Magic number: 7:619:679
[    1.819412] rtc_cmos rtc_cmos: setting system clock to 2019-06-19 10:41:53 UTC (1560940913)
[    1.821287] BIOS EDD facility v0.16 2004-Jun-25, 0 devices found
[    1.822624] EDD information not available.
[    1.824932] Freeing unused kernel memory: 1484K
[    1.841704] Write protecting the kernel read-only data: 14336k
[    1.846696] Freeing unused kernel memory: 1616K
[    1.849287] Freeing unused kernel memory: 68K
Loading, please wait...
starting version[    1.869533] random: systemd-udevd: uninitialized urandom read (16 bytes read, 3 bits of entropy available)
 229
[    1.870463] random: udevadm: uninitialized urandom read (16 bytes read, 3 bits of entropy available)
[    1.870493] random: udevadm: uninitialized urandom read (16 bytes read, 3 bits of entropy available)
[    1.879512] random: udevadm: uninitialized urandom read (16 bytes read, 3 bits of entropy available)
[    1.879562] random: udevadm: uninitialized urandom read (16 bytes read, 3 bits of entropy available)
[    1.879710] random: udevadm: uninitialized urandom read (16 bytes read, 3 bits of entropy available)
[    1.879766] random: udevadm: uninitialized urandom read (16 bytes read, 3 bits of entropy available)
[    1.879820] random: udevadm: uninitialized urandom read (16 bytes read, 3 bits of entropy available)
[    1.879874] random: udevadm: uninitialized urandom read (16 bytes read, 3 bits of entropy available)
[    1.879927] random: udevadm: uninitialized urandom read (16 bytes read, 3 bits of entropy available)
[    1.989450] e1000: Intel(R) PRO/1000 Network Driver - version 7.3.21-k8-NAPI
[    1.994994] e1000: Copyright (c) 1999-2006 Intel Corporation.
[    2.018890] Fusion MPT base driver 3.04.20
[    2.024662] Copyright (c) 1999-2008 LSI Corporation
[    2.035361] Fusion MPT SPI Host driver 3.04.20
[    2.039019] AVX2 version of gcm_enc/dec engaged.
[    2.040487] AES CTR mode by8 optimization enabled
[    2.231867] input: ImExPS/2 Generic Explorer Mouse as /devices/platform/i8042/serio1/input/input4
[    2.390593] e1000 0000:00:03.0 eth0: (PCI:33MHz:32-bit) 02:2e:c1:de:99:b7
[    2.414714] e1000 0000:00:03.0 eth0: Intel(R) PRO/1000 Network Connection
[    2.417034] mptbase: ioc0: Initiating bringup
[    2.482374] ioc0: LSI53C1030 A0: Capabilities={Initiator}
[    2.647159] scsi host2: ioc0: LSI53C1030 A0, FwRev=00000000h, Ports=1, MaxQ=256, IRQ=20
[    2.766453] scsi 2:0:0:0: Direct-Access     VBOX     HARDDISK         1.0  PQ: 0 ANSI: 5
[    2.773244] scsi target2:0:0: Beginning Domain Validation
[    2.775328] scsi target2:0:0: Domain Validation skipping write tests
[    3.509364] scsi target2:0:0: Ending Domain Validation
[    3.526390] scsi target2:0:0: asynchronous
[    3.528222] scsi 2:0:1:0: Direct-Access     VBOX     HARDDISK         1.0  PQ: 0 ANSI: 5
[    3.530752] scsi target2:0:1: Beginning Domain Validation
[    3.552656] scsi target2:0:1: Domain Validation skipping write tests
[    3.555449] scsi target2:0:1: Ending Domain Validation
[    3.556913] scsi target2:0:1: asynchronous
[    3.574989] sd 2:0:0:0: Attached scsi generic sg0 type 0
[    3.576764] sd 2:0:0:0: [sda] 20971520 512-byte logical blocks: (10.7 GB/10.0 GiB)
[    3.590101] sd 2:0:1:0: [sdb] 20480 512-byte logical blocks: (10.5 MB/10.0 MiB)
[    3.608656] sd 2:0:1:0: Attached scsi generic sg1 type 0
[    3.621256] sd 2:0:0:0: [sda] Write Protect is off
[    3.638440] sd 2:0:0:0: [sda] Incomplete mode parameter data
[    3.672489] sd 2:0:0:0: [sda] Assuming drive cache: write through
[    3.691562] sd 2:0:1:0: [sdb] Write Protect is off
[    3.693073] sd 2:0:1:0: [sdb] Incomplete mode parameter data
[    3.694926] sd 2:0:1:0: [sdb] Assuming drive cache: write through
[    3.711423]  sda: sda1
[    3.719966] sd 2:0:1:0: [sdb] Attached SCSI disk
[    3.721313] sd 2:0:0:0: [sda] Attached SCSI disk
[    3.901223] e1000 0000:00:08.0 eth1: (PCI:33MHz:32-bit) 08:00:27:0c:8a:29
[    3.902811] e1000 0000:00:08.0 eth1: Intel(R) PRO/1000 Network Connection
[    3.905227] e1000 0000:00:03.0 enp0s3: renamed from eth0
[    3.949951] e1000 0000:00:08.0 enp0s8: renamed from eth1
Begin: Loading essential drivers ... [    5.325879] md: linear personality registered for level -1
[    5.332636] md: multipath personality registered for level -4
[    5.338106] md: raid0 personality registered for level 0
[    5.344622] md: raid1 personality registered for level 1
[    5.418498] raid6: sse2x1   gen()  6773 MB/s
[    5.488990] raid6: sse2x1   xor()  5438 MB/s
[    5.558362] raid6: sse2x2   gen()  9617 MB/s
[    5.633545] raid6: sse2x2   xor()  6214 MB/s
[    5.713397] raid6: sse2x4   gen()  9053 MB/s
[    5.793541] raid6: sse2x4   xor()  7096 MB/s
[    5.873390] raid6: avx2x1   gen() 13934 MB/s
[    5.943345] raid6: avx2x2   gen() 17828 MB/s
[    6.013538] raid6: avx2x4   gen() 19914 MB/s
[    6.014760] raid6: using algorithm avx2x4 gen() 19914 MB/s
[    6.016119] raid6: using avx2x2 recovery algorithm
[    6.018936] xor: automatically using best checksumming function:
[    6.057579]    avx       : 21114.000 MB/sec
[    6.060274] async_tx: api initialized (async)
[    6.075231] md: raid6 personality registered for level 6
[    6.076715] md: raid5 personality registered for level 5
[    6.078219] md: raid4 personality registered for level 4
[    6.092614] md: raid10 personality registered for level 10
done.
Begin: Running /scripts/init-premount ... done.
Begin: Mounting root file system ... Begin: Running /scripts/local-to[    6.139446] Btrfs loaded
p ... done.
Begin: Running /scripts/local-premount ... Scanning for Btrfs filesystems
done.
Warning: fsck not present, so skipping root file system
[    6.190653] EXT4-fs (sda1): INFO: recovery required on readonly filesystem
[    6.192732] EXT4-fs (sda1): write access will be enabled during recovery
[    6.251695] EXT4-fs (sda1): orphan cleanup on readonly fs
[    6.253085] EXT4-fs (sda1): 5 orphan inodes deleted
[    6.254337] EXT4-fs (sda1): recovery complete
[    6.265070] EXT4-fs (sda1): mounted filesystem with ordered data mode. Opts: (null)
done.
Begin: Running /scripts/local-bottom ... done.
Begin: Running /scripts/init-bottom ... done.
[    6.381236] systemd[1]: systemd 229 running in system mode. (+PAM +AUDIT +SELINUX +IMA +APPARMOR +SMACK +SYSVINIT +UTMP +LIBCRYPTSETUP +GCRYPT +GNUTLS +ACL +XZ -LZ4 +SECCOMP +BLKID +ELFUTILS +KMOD -IDN)
[    6.408780] systemd[1]: Detected virtualization oracle.
[    6.410410] systemd[1]: Detected architecture x86-64.

Welcome to [1mUbuntu 16.04.6 LTS[0m!

[    6.416727] systemd[1]: Set hostname to <ubuntu-xenial>.
[    6.562392] systemd[1]: Listening on udev Kernel Socket.
[[0;32m  OK  [0m] Listening on udev Kernel Socket.
[    6.565357] systemd[1]: Reached target System Time Synchronized.
[[0;32m  OK  [0m] Reached target System Time Synchronized.
[    6.568384] systemd[1]: Listening on LVM2 metadata daemon socket.
[[0;32m  OK  [0m] Listening on LVM2 metadata daemon socket.
[    6.571150] systemd[1]: Reached target Swap.
[[0;32m  OK  [0m] Reached target Swap.
[    6.573373] systemd[1]: Started Forward Password Requests to Wall Directory Watch.
[[0;32m  OK  [0m] Started Forward Password Requests to Wall Directory Watch.
[    6.609940] systemd[1]: Listening on udev Control Socket.
[[0;32m  OK  [0m] Listening on udev Control Socket.
[    6.625702] systemd[1]: Created slice User and Session Slice.
[[0;32m  OK  [0m] Created slice User and Session Slice.
[    6.658730] systemd[1]: Set up automount Arbitrary Executable File Formats File System Automount Point.
[[0;32m  OK  [0m] Set up automount Arbitrary Executab...ats File System Automount Point.
[    6.686319] systemd[1]: Listening on Device-mapper event daemon FIFOs.
[[0;32m  OK  [0m] Listening on Device-mapper event daemon FIFOs.
[    6.689911] systemd[1]: Reached target User and Group Name Lookups.
[[0;32m  OK  [0m] Reached target User and Group Name Lookups.
[    6.692832] systemd[1]: Listening on /dev/initctl Compatibility Named Pipe.
[[0;32m  OK  [0m] Listening on /dev/initctl Compatibility Named Pipe.
[    6.703460] systemd[1]: Listening on LVM2 poll daemon socket.
[[0;32m  OK  [0m] Listening on LVM2 poll daemon socket.
[    6.707420] systemd[1]: Listening on Journal Socket (/dev/log).
[[0;32m  OK  [0m] Listening on Journal Socket (/dev/log).
[    6.741151] systemd[1]: Created slice System Slice.
[[0;32m  OK  [0m] Created slice System Slice.
[    6.764564] systemd[1]: Created slice system-serial\x2dgetty.slice.
[[0;32m  OK  [0m] Created slice system-serial\x2dgetty.slice.
[    6.768490] systemd[1]: Listening on Journal Audit Socket.
[[0;32m  OK  [0m] Listening on Journal Audit Socket.
[    6.771972] systemd[1]: Listening on Journal Socket.
[[0;32m  OK  [0m] Listening on Journal Socket.
[    6.805833] systemd[1]: Starting Remount Root and Kernel File Systems...
[    6.821794] EXT4-fs (sda1): re-mounted. Opts: (null)
         Starting Remount Root and Kernel File Systems...
[    6.868054] systemd[1]: Starting Create list of required static device nodes for the current kernel...
         Starting Create list of required st... nodes for the current kernel...
[    6.898077] systemd[1]: Mounting Huge Pages File System...
         Mounting Huge Pages File System...
[    6.945839] systemd[1]: Starting Load Kernel Modules...
         Starting Load Kernel Modules...
[    6.955303] systemd[1]: Mounting POSIX Message Queue File System...
[    6.960425] Loading iSCSI transport class v2.0-870.
         Mounting POSIX Message Queue File System...
[    6.976985] systemd[1]: Starting Nameserver information manager...
         Starting Nameserver information manager...
[    6.993242] systemd[1]: Starting Monitoring of LVM2 mirrors, snapshots etc. using dmeventd or progress polling...
         Starting Monitoring of LVM2 mirrors... dmeventd or progress polling...
[    7.006234] random: nonblocking pool is initialized
[    7.007213] systemd[1]: Starting Set console keymap...
         Starting Set console ke[    7.029900] iscsi: registered transport (tcp)
ymap...
[    7.055052] systemd[1]: Starting Uncomplicated firewall...
         Starting Uncomplicated firewall...
[    7.057724] systemd[1]: Reached target Encrypted Volumes.
[[0;32m  OK  [0m] Reached target Encrypted Volumes.
[    7.076129] systemd[1]: Listening on Syslog Socket.
[[0;32m  OK  [0m] Listening on[    7.100060] iscsi: registered transport (iser)
 Syslog Socket.
[    7.121927] systemd[1]: Starting Journal Service...
         Starting Journal Service...
[    7.139454] systemd[1]: Reached target Slices.
[[0;32m  OK  [0m] Reached target Slices.
[    7.163010] systemd[1]: Started Trigger resolvconf update for networkd DNS.
[[0;32m  OK  [0m] Started Trigger resolvconf update for networkd DNS.
[    7.181851] systemd[1]: Mounting Debug File System...
         Mounting Debug File System...
[    7.189165] systemd[1]: Mounted POSIX Message Queue File System.
[[0;32m  OK  [0m] Mounted POSIX Message Queue File System.
[    7.192244] systemd[1]: Mounted Debug File System.
[[0;32m  OK  [0m] Mounted Debug File System.
[    7.209902] systemd[1]: Mounted Huge Pages File System.
[[0;32m  OK  [0m] Mounted Huge Pages File System.
[    7.217615] systemd[1]: Started Journal Service.
[[0;32m  OK  [0m] Started Journal Service.
[[0;32m  OK  [0m] Started Remount Root and Kernel File Systems.
[[0;32m  OK  [0m] Started Create list of required sta...ce nodes for the current kernel.
[[0;32m  OK  [0m] Started Load Kernel Modules.
[[0;32m  OK  [0m] Started Set console keymap.
[[0;32m  OK  [0m] Started Uncomplicated firewall.
[[0;32m  OK  [0m] Started Nameserver information manager.
[[0;32m  OK  [0m] Started LVM2 metadata daemon.
         Mounting FUSE Control File System...
         Starting Apply Kernel Variables...
         Starting Create Static Device Nodes in /dev...
         Starting Load/Save Random Seed...
         Starting udev Coldplug all Devices...
         Starting Flush Journal to Persistent Storage...
[[0;32m  OK  [0m] Mounted FUSE Control File System.
[[0;32m  OK  [0m] Started Apply Kernel Variables.
[[0;32m  OK  [0m] Started Create Static Device Nodes in /dev.
[[0;32m  OK  [0m] Started Load/Save Random Seed.
         Starting udev Kernel Device Manager...
[[0;32m  OK  [0m] Started Flush Journal to Persistent Storage.
[[0;32m  OK  [0m] Started udev Coldplug all Devices.
[[0;32m  OK  [0m] Started udev Kernel Device Manager.
[[0;32m  OK  [0m] Started Dispatch Password Requests to Console Directory Watch.
[[0;32m  OK  [0m] Started Monitoring of LVM2 mirrors,...ng dmeventd or progress polling.
[[0;32m  OK  [0m] Reached target Local File Systems (Pre).
[[0;32m  OK  [0m] Reached target Local File Systems.
         Starting LSB: AppArmor initialization...
         Starting Set console font and keymap...
         Starting Initial cloud-init job (pre-networking)...
         Starting Tell Plymouth To Write Out Runtime Data...
         Starting Create Volatile Files and Directories...
[[0;32m  OK  [0m] Found device /dev/ttyS0.
[[0;32m  OK  [0m] Started Tell Plymouth To Write Out Runtime Data.
[[0;32m  OK  [0m] Started Create Volatile Files and Directories.
[[0;32m  OK  [0m] Listening on Load/Save RF Kill Switch Status /dev/rfkill Watch.
         Starting Update UTMP about System Boot/Shutdown...
[[0;32m  OK  [0m] Started LSB: AppArmor initialization.
[[0;32m  OK  [0m] Started Update UTMP about System Boot/Shutdown.
[[0;32m  OK  [0m] Found device 82540EM Gigabit Ethern...r (PRO/1000 MT Desktop Adapter).
[[0;32m  OK  [0m] Found device 82540EM Gigabit Ethern...r (PRO/1000 MT Desktop Adapter).
[[0;32m  OK  [0m] Started Set console font and keymap.
[    8.367867] cloud-init[524]: Cloud-init v. 19.1-1-gbaa47854-0ubuntu1~16.04.1 running 'init-local' at Wed, 19 Jun 2019 10:42:00 +0000. Up 7.91 seconds.
[[0;32m  OK  [0m] Created slice system-getty.slice.
[[0;32m  OK  [0m] Started Initial cloud-init job (pre-networking).
[[0;32m  OK  [0m] Reached target Network (Pre).
[[0;32m  OK  [0m] Started ifup for enp0s8.
[[0;32m  OK  [0m] Started ifup for enp0s3.
         Starting Raise network interfaces...
[[0;32m  OK  [0m] Started Raise network interfaces.
[[0;32m  OK  [0m] Reached target Network.
         Starting Initial cloud-init job (metadata service crawler)...
[    9.412900] cloud-init[1068]: Cloud-init v. 19.1-1-gbaa47854-0ubuntu1~16.04.1 running 'init' at Wed, 19 Jun 2019 10:42:01 +0000. Up 9.09 seconds.
[    9.418139] cloud-init[1068]: ci-info: ++++++++++++++++++++++++++++++++++++++Net device info+++++++++++++++++++++++++++++++++++++++
[    9.428281] cloud-init[1068]: ci-info: +--------+------+-----------------------------+---------------+--------+-------------------+
[    9.430986] cloud-init[1068]: ci-info: | Device |  Up  |           Address           |      Mask     | Scope  |     Hw-Address    |
[    9.436312] cloud-init[1068]: ci-info: +--------+------+-----------------------------+---------------+--------+-------------------+
[    9.451779] cloud-init[1068]: ci-info: | enp0s3 | True |          10.0.2.15          | 255.255.255.0 | global | 02:2e:c1:de:99:b7 |
[    9.484264] cloud-init[1068]: ci-info: | enp0s3 | True |  fe80::2e:c1ff:fede:99b7/64 |       .       |  link  | 02:2e:c1:de:99:b7 |
[    9.484520] cloud-init[1068]: ci-info: | enp0s8 | True |       192.168.135.121       | 255.255.255.0 | global | 08:00:27:0c:8a:29 |
[    9.484824] cloud-init[1068]: ci-info: | enp0s8 | True | fe80::a00:27ff:fe0c:8a29/64 |       .       |  link  | 08:00:27:0c:8a:29 |
[    9.485027] cloud-init[1068]: ci-info: |   lo   | True |          127.0.0.1          |   255.0.0.0   |  host  |         .         |
[    9.485244] cloud-init[1068]: ci-info: |   lo   | True |           ::1/128           |       .       |  host  |         .         |
[    9.485460] cloud-init[1068]: ci-info: +--------+------+-----------------------------+---------------+--------+-------------------+
[    9.485676] cloud-init[1068]: ci-info: ++++++++++++++++++++++++++++Route IPv4 info+++++++++++++++++++++++++++++
[    9.485903] cloud-init[1068]: ci-info: +-------+---------------+----------+---------------+-----------+-------+
[    9.486115] cloud-init[1068]: ci-info: | Route |  Destination  | Gateway  |    Genmask    | Interface | Flags |
[[0;32m  OK  [0m] Started Initial cloud-init job (metadata service crawler).
[    9.486736] cloud-init[1068]: ci-info: +-------+---------------+----------+---------------+-----------+-------+
[    9.727175] cloud-init[1068]: ci-info: |   0   |    0.0.0.0    | 10.0.2.2 |    0.0.0.0    |   enp0s3  |   UG  |
[    9.730936] cloud-init[1068]: ci-info: |   1   |    10.0.2.0   | 0.0.0.0  | 255.255.255.0 |   enp0s3  |   U   |
[    9.731745] cloud-init[1068]: ci-info: |   2   | 192.168.135.0 | 0.0.0.0  | 255.255.255.0 |   enp0s8  |   U   |
[    9.733807] cloud-init[1068]: ci-info: +-------+---------------+----------+---------------+-----------+-------+
[    9.735536] cloud-init[[1068]: [0;32m  OK  [0mci-info: +++++++++++++++++++Route IPv6 info+++++++++++++++++++] 
Reached target System Initialization.
[    9.736729] cloud-init[1068]: ci-info: +-------+-------------+---------+-----------+-------+
[[    9.760528] cloud-init[1068]: ci-info: | Route | Destination | Gateway | Interface | Flags |
[    9.761373] cloud-init[1068]: ci-info: +-------+-------------+---------+-----------+-------+
[    9.761679] cloud-init[1068]: ci-info: |   0   |  fe80::/64  |    ::   |   enp0s8  |   U   |
[    9.762031] cloud-init[1068]: ci-info: |   1   |  fe80::/64  |    ::   |   enp0s3  |   U   |
[    9.762353] cloud-init[1068]: ci-info: |   4   |   ff00::/8  |    ::   |   enp0s8  |   U   |
[    9.762686] cloud-init[1068]: ci-info: |   5   |   ff00::/8  |    ::   |   enp0s3  |   U   |
[    9.763022] cloud-init[1068]: ci-info: +-------+-------------+---------+-----------+-------+
[0;32m  OK  [0m] Started Daily apt download activities.
         Starting Socket activation for snappy daemon.
[[0;32m  OK  [0m] Listening on D-Bus System Message Bus Socket.
[[0;32m  OK  [0m] Started Daily apt upgrade and clean activities.
[[0;32m  OK  [0m] Listening on ACPID Listen Socket.
[[0;32m  OK  [0m] Listening on UUID daemon activation socket.
[[0;32m  OK  [0m] Started Daily Cleanup of Temporary Directories.
[[0;32m  OK  [0m] Started ACPI Events Check.
[[0;32m  OK  [0m] Reached target Paths.
         Starting LXD - unix socket.
[[0;32m  OK  [0m] Reached target Timers.
[[0;32m  OK  [0m] Reached target Network is Online.
         Starting iSCSI initiator daemon (iscsid)...
[[0;32m  OK  [0m] Reached target Cloud-config availability.
[[0;32m  OK  [0m] Listening on Socket activation for snappy daemon.
[[0;32m  OK  [0m] Listening on LXD - unix socket.
[[0;32m  OK  [0m] Started iSCSI initiator daemon (iscsid).
         Starting Login to default iSCSI targets...
[[0;32m  OK  [0m] Reached target Sockets.
[[0;32m  OK  [0m] Reached target Basic System.
[[0;32m  OK  [0m] Started D-Bus System Message Bus.
[[0;32m  OK  [0m] Started Regular background program processing daemon.
         Starting LSB: MD monitoring daemon...
         Starting LSB: Record successful boot for GRUB...
         Starting MySQL Community Server...
         Starting /etc/rc.local Compatibility...
         Starting LXD - container startup/shutdown...
         Starting Virtualbox guest utils...
         Starting Login Service...
         Starting System Logging Service...
         Starting OpenBSD Secure Shell server...
[[0;32m  OK  [0m] Started ACPI event daemon.
         Starting Accounts Service...
[[0;32m  OK  [0m] Started FUSE filesystem for LXC.
[[0;32m  OK  [0m] Started Deferred execution scheduler.
         Starting Snappy daemon...
[[0;32m  OK  [0m] Started System Logging Service.
[[0;32m  OK  [0m] Started /etc/rc.local Compatibility.
[[0;32m  OK  [0m] Started OpenBSD Secure Shell server.
[[0;32m  OK  [0m] Started LXD - container startup/shutdown.
[[0;32m  OK  [0m] Started Login to default iSCSI targets.
[[0;32m  OK  [0m] Started LSB: Record successful boot for GRUB.
[[0;32m  OK  [0m] Started LSB: MD monitoring daemon.
[[0;32m  OK  [0m] Started Login Service.
[[0;32m  OK  [0m] Started Unattended Upgrades Shutdown.
         Starting Authenticate and Authorize Users to Run Privileged Tasks...
[[0;32m  OK  [0m] Reached target Remote File Systems (Pre).
[[0;32m  OK  [0m] Reached target Remote File Systems.
         Starting LSB: automatic crash report generation...
         Starting LSB: Set the CPU Frequency Scaling governor to "ondemand"...
         Starting Permit User Sessions...
         Starting LSB: daemon to balance interrupts for SMP systems...
[[0;32m  OK  [0m] Started Snappy daemon.
[[0;32m  OK  [0m] Started Virtualbox guest utils.
[[0;32m  OK  [0m] Started Permit User Sessions.
[[0;32m  OK  [0m] Started Authenticate and Authorize Users to Run Privileged Tasks.
[[0;32m  OK  [0m] Started Accounts Service.
[[0;32m  OK  [0m] Started LSB: Set the CPU Frequency Scaling governor to "ondemand".
[[0;32m  OK  [0m] Started LSB: automatic crash report generation.
         Starting Hold until boot process finishes up...
         Starting Terminate Plymouth Boot Screen...
         Starting Wait until snapd is fully seeded...
[[0;32m  OK  [0m] Started LSB: daemon to balance interrupts for SMP systems.
[[0;32m  OK  [0m] Started Hold until boot process finishes up.
[[0;32m  OK  [0m] Started Terminate Plymouth Boot Screen.
[[0;32m  OK  [0m] Started Wait until snapd is fully seeded.
         Starting Apply the settings specified in cloud-config...
[[0;32m  OK  [0m] Started Getty on tty1.
         Starting Set console scheme...
[[0;32m  OK  [0m] Started Serial Getty on ttyS0.
[[0;32m  OK  [0m] Reached target Login Prompts.
[[0;32m  OK  [0m] Started Set console scheme.
[[0;32m  OK  [0m] Started MySQL Community Server.
[[0;32m  OK  [0m] Reached target Multi-User System.
[[0;32m  OK  [0m] Reached target Graphical Interface.
         Starting Update UTMP about System Runlevel Changes...
[[0;32m  OK  [0m] Started Update UTMP about System Runlevel Changes.
[   11.470913] cloud-init[1336]: Cloud-init v. 19.1-1-gbaa47854-0ubuntu1~16.04.1 running 'modules:config' at Wed, 19 Jun 2019 10:42:03 +0000. Up 11.36 seconds.
[[0;32m  OK  [0m] Started Apply the settings specified in cloud-config.
         Starting Execute cloud user/final scripts...
[[0;32m  OK  [0m] Created slice User Slice of vagrant.
         Starting User Manager for UID 1000...
[[0;32m  OK  [0m] Started Session 1 of user vagrant.
[[0;32m  OK  [0m] Started User Manager for UID 1000.
[   12.212435] cloud-init[1373]: Cloud-init v. 19.1-1-gbaa47854-0ubuntu1~16.04.1 running 'modules:final' at Wed, 19 Jun 2019 10:42:04 +0000. Up 12.05 seconds.
[   12.224769] cloud-init[1373]: Cloud-init v. 19.1-1-gbaa47854-0ubuntu1~16.04.1 finished at Wed, 19 Jun 2019 10:42:04 +0000. Datasource DataSourceNoCloud [seed=/dev/sdb][dsmode=net].  Up 12.20 seconds
[[0;32m  OK  [0m] Started Execute cloud user/final scripts.
[[0;32m  OK  [0m] Reached target Cloud-init target.

Ubuntu 16.04.6 LTS ubuntu-xenial ttyS0

ubuntu-xenial login: 